<?xml version="1.0" encoding="UTF-8"?>
<!-- Generated by org.testng.reporters.JUnitReportReporter -->
<testsuite hostname="LAPTOP-DK7EJ16K" failures="0" tests="1" name="com.wise.testcases.TC001__Login_and_Create_session" time="19.507" errors="0" timestamp="2025-01-28T11:45:23 IST" skipped="0">
  <testcase classname="com.wise.testcases.TC001__Login_and_Create_session" name="login_Create_Session" time="19.507"/>
  <system-out/>
</testsuite> <!-- com.wise.testcases.TC001__Login_and_Create_session -->
